<?xml version="1.0" encoding="UTF-8"?>
<testsuite xmlns:xsi="http://www.w3.org/2001/XMLSchema-instance" xsi:noNamespaceSchemaLocation="https://maven.apache.org/surefire/maven-surefire-plugin/xsd/surefire-test-report.xsd" name="test.UnitSimpleCombatTest" time="0.016" tests="7" errors="0" skipped="0" failures="0">
  <properties>
[...]
</properties>
  <testcase name="Test04RiderUsesSwordWhenNoAlliesAndEnemiesArround" classname="test.UnitSimpleCombatTest" time="0.002"/>
  <testcase name="Test03RiderUsesBowWhenNextToAlliedInfantryAndEnemies" classname="test.UnitSimpleCombatTest" time="0.001"/>
  <testcase name="Test02RiderUsesBowWhenNextToAlliedInfantry" classname="test.UnitSimpleCombatTest" time="0.002"/>
  <testcase name="Test06CatapultBlastDamagesTargetForExpectedAmount" classname="test.UnitSimpleCombatTest" time="0.002"/>
  <testcase name="Test00InfantrySoldierAttackHarmsUnitForExpectedDamage" classname="test.UnitSimpleCombatTest" time="0.002"/>
  <testcase name="Test05HealerHealsForExpectedAmount" classname="test.UnitSimpleCombatTest" time="0.001"/>
  <testcase name="Test01RiderUsesBowWhenAlone" classname="test.UnitSimpleCombatTest" time="0"/>
</testsuite>