<?xml version="1.0" encoding="UTF-8"?>
<testsuite xmlns:xsi="http://www.w3.org/2001/XMLSchema-instance" xsi:noNamespaceSchemaLocation="https://maven.apache.org/surefire/maven-surefire-plugin/xsd/surefire-test-report.xsd" name="test.RiderTests" time="0.144" tests="5" errors="0" skipped="0" failures="1">
  <properties>
[...]
</properties>
  <testcase name="Test04RiderUsesSwordWhenNoAlliesAndEnemiesArround" classname="test.RiderTests" time="0.066">
    <failure message="expected: &lt;0&gt; but was: &lt;5&gt;" type="org.opentest4j.AssertionFailedError"><![CDATA[org.opentest4j.AssertionFailedError: expected: <0> but was: <5>
	at test.RiderTests.Test04RiderUsesSwordWhenNoAlliesAndEnemiesArround(RiderTests.java:113)
]]></failure>
  </testcase>
  <testcase name="Test03RiderUsesBowWhenNextToAlliedInfantryAndEnemies" classname="test.RiderTests" time="0"/>
  <testcase name="Test02RiderUsesBowWhenNextToAlliedInfantry" classname="test.RiderTests" time="0.001"/>
  <testcase name="Test05RiderCantAttackFarAwayEnemyWhenNoAlliesAndEnemiesArround" classname="test.RiderTests" time="0.059"/>
  <testcase name="Test01RiderUsesBowWhenAlone" classname="test.RiderTests" time="0.006"/>
</testsuite>