-------------------------------------------------------------------------------
Test set: test.RiderTests
-------------------------------------------------------------------------------
Tests run: 5, Failures: 1, Errors: 0, Skipped: 0, Time elapsed: 0.144 s <<< FAILURE! - in test.RiderTests
Test04RiderUsesSwordWhenNoAlliesAndEnemiesArround  Time elapsed: 0.066 s  <<< FAILURE!
org.opentest4j.AssertionFailedError: expected: <0> but was: <5>
	at test.RiderTests.Test04RiderUsesSwordWhenNoAlliesAndEnemiesArround(RiderTests.java:113)

